Arguments: 
  C:\Program Files\nodejs\node.exe C:\Users\adity\AppData\Roaming\npm\node_modules\yarn\bin\yarn.js add no-lockfile true

PATH: 
  C:\Program Files\Common Files\Oracle\Java\javapath;C:\Python39\Scripts\;C:\Python39\;C:\Windows\system32;C:\Windows;C:\Windows\System32\Wbem;C:\Windows\System32\WindowsPowerShell\v1.0\;C:\Windows\System32\OpenSSH\;C:\Program Files (x86)\NVIDIA Corporation\PhysX\Common;C:\Program Files\NVIDIA Corporation\NVIDIA NvDLISR;C:\Program Files\Git\cmd;C:\ProgramData\chocolatey\bin;C:\Program Files\nodejs\;C:\Program Files\MySQL\MySQL Shell 8.0\bin\;C:\Users\adity\AppData\Local\Microsoft\WindowsApps;C:\Users\adity\AppData\Local\Android\Sdk;C:\Program Files (x86)\GitHub CLI\;C:\adity\;C:\src\flutter\bin;C:\Users\adity\AppData\Local\Programs\Microsoft VS Code\bin;C:\Users\adity\AppData\Roaming\npm\node_modules\create-react-app\;C:\Users\adity\AppData\Local\Android\sdk\platform-tools;C:\Users\adity\AppData\Local\Android\sdk\tools;C:\Program Files\heroku\bin;C:\Users\adity\AppData\Roaming\npm;C:\Program Files\Git\bin\;C:\Program Files\Git\cmd\;

Yarn version: 
  1.22.19

Node version: 
  14.17.3

Platform: 
  win32 x64

Trace: 
  Error: https://registry.yarnpkg.com/no-lockfile: Not found
      at Request.params.callback [as _callback] (C:\Users\adity\AppData\Roaming\npm\node_modules\yarn\lib\cli.js:66145:18)
      at Request.self.callback (C:\Users\adity\AppData\Roaming\npm\node_modules\yarn\lib\cli.js:140890:22)
      at Request.emit (events.js:375:28)
      at Request.<anonymous> (C:\Users\adity\AppData\Roaming\npm\node_modules\yarn\lib\cli.js:141862:10)
      at Request.emit (events.js:375:28)
      at IncomingMessage.<anonymous> (C:\Users\adity\AppData\Roaming\npm\node_modules\yarn\lib\cli.js:141784:12)
      at Object.onceWrapper (events.js:481:28)
      at IncomingMessage.emit (events.js:387:35)
      at endReadableNT (internal/streams/readable.js:1317:12)
      at processTicksAndRejections (internal/process/task_queues.js:82:21)

npm manifest: 
  {
    "name": "react-portfolio-starter-code-files",
    "version": "0.1.0",
    "private": true,
    "dependencies": {
      "@testing-library/jest-dom": "^5.14.1",
      "@testing-library/react": "^11.2.7",
      "@testing-library/user-event": "^12.8.3",
      "framer-motion": "^4.1.17",
      "normalize.css": "^8.0.1",
      "react": "^17.0.2",
      "react-dom": "^17.0.2",
      "react-particles-js": "^3.5.3",
      "react-router-dom": "^5.2.0",
      "react-scripts": "4.0.3",
      "styled-components": "^5.3.0",
      "tsparticles": "^1.31.1",
      "web-vitals": "^1.1.2"
    },
    "scripts": {
      "start": "react-scripts start",
      "build": "react-scripts build",
      "test": "react-scripts test",
      "eject": "react-scripts eject"
    },
    "eslintConfig": {
      "extends": [
        "react-app",
        "react-app/jest"
      ]
    },
    "browserslist": {
      "production": [
        ">0.2%",
        "not dead",
        "not op_mini all"
      ],
      "development": [
        "last 1 chrome version",
        "last 1 firefox version",
        "last 1 safari version"
      ]
    }
  }

yarn manifest: 
  No manifest

Lockfile: 
  No lockfile
